<?xml version="1.0" encoding="UTF-8"?>
<!-- Generated by org.testng.reporters.JUnitXMLReporter -->
<testsuite ignored="0" hostname="hello-PC" failures="1" tests="1" name="Default test" time="19.939" errors="0" timestamp="2024-01-09T23:05:19 PST">
  <testcase classname="io.cucumber.testng.AbstractTestNGCucumberTests" name="runScenario" time="19.039">
    <failure type="java.lang.AssertionError" message="Expected text was not found within the actual text expected [true] but found [false]">
      <![CDATA[java.lang.AssertionError: Expected text was not found within the actual text expected [true] but found [false]
at org.testng.Assert.fail(Assert.java:99)
at org.testng.Assert.failNotEquals(Assert.java:1037)
at org.testng.Assert.assertTrue(Assert.java:45)
at StepDefinition.SearchTeam.first_result_should_be(SearchTeam.java:79)
at âœ½.first result should be "Hi"(file:///C:/Users/hello/eclipse-workspace/Fiserv/src/test/java/Feature/SearchTerm.feature:5)
]]>
    </failure>
  </testcase> <!-- runScenario -->
</testsuite> <!-- Default test -->
